SF:D:\Dokumente\Arbeit\blackhorse-one\Repositories\SJ\stomp_dart_client\lib\stomp_parser.dart
DA:31,1
DA:32,1
DA:35,1
DA:37,1
DA:38,2
DA:39,0
DA:40,0
DA:42,0
DA:45,3
DA:46,2
DA:50,1
DA:51,2
DA:54,2
DA:57,2
DA:58,2
DA:62,2
DA:63,1
DA:66,1
DA:67,2
DA:70,2
DA:71,2
DA:72,2
DA:76,1
DA:79,1
DA:80,2
DA:83,2
DA:84,1
DA:88,2
DA:89,1
DA:92,1
DA:93,2
DA:94,2
DA:95,2
DA:99,1
DA:102,1
DA:103,2
DA:106,2
DA:107,4
DA:108,1
DA:109,2
DA:113,1
DA:116,1
DA:117,3
DA:118,1
DA:122,1
DA:125,1
DA:126,2
DA:127,1
DA:131,1
DA:134,1
DA:135,2
DA:136,4
DA:137,1
DA:138,0
DA:139,0
DA:141,2
DA:144,2
DA:149,1
DA:150,2
DA:152,1
DA:153,1
DA:155,5
DA:157,1
DA:160,1
DA:161,2
DA:162,2
DA:166,1
DA:167,2
DA:170,1
DA:171,1
DA:177,1
DA:178,1
DA:179,3
DA:180,3
DA:182,1
DA:185,1
DA:187,2
DA:188,2
DA:189,2
DA:190,2
DA:197,1
DA:199,2
DA:200,2
DA:201,2
DA:202,2
DA:205,1
DA:206,1
DA:207,2
DA:208,3
DA:219,1
DA:220,1
DA:221,1
DA:222,1
DA:223,1
DA:225,2
DA:226,6
DA:228,6
DA:229,2
DA:230,3
DA:234,1
DA:235,1
DA:236,2
DA:237,1
DA:239,2
DA:240,1
DA:242,2
LF:106
LH:101
end_of_record
SF:D:\Dokumente\Arbeit\blackhorse-one\Repositories\SJ\stomp_dart_client\lib\stomp_frame.dart
DA:8,1
LF:1
LH:1
end_of_record
SF:D:\Dokumente\Arbeit\blackhorse-one\Repositories\SJ\stomp_dart_client\lib\stomp_config.dart
DA:59,1
DA:75,1
DA:85,1
DA:86,1
DA:87,0
DA:88,1
DA:89,1
DA:90,1
DA:91,1
DA:92,1
DA:93,1
DA:94,1
DA:97,1
LF:13
LH:12
end_of_record
SF:D:\Dokumente\Arbeit\blackhorse-one\Repositories\SJ\stomp_dart_client\lib\stomp.dart
DA:10,1
DA:20,1
DA:22,4
DA:24,1
DA:25,1
DA:27,1
DA:30,1
DA:31,1
DA:32,2
DA:33,2
DA:36,1
DA:37,1
DA:38,0
DA:42,1
DA:43,0
DA:47,4
DA:48,1
DA:49,2
DA:51,1
DA:52,2
DA:54,1
DA:55,1
DA:59,2
DA:62,1
DA:63,1
DA:64,1
DA:66,0
DA:69,1
DA:70,1
DA:71,1
DA:73,0
DA:76,1
DA:77,1
DA:79,3
DA:80,6
DA:81,1
LF:36
LH:32
end_of_record
SF:D:\Dokumente\Arbeit\blackhorse-one\Repositories\SJ\stomp_dart_client\lib\stomp_handler.dart
DA:28,1
DA:29,4
DA:31,2
DA:32,1
DA:33,1
DA:36,2
DA:38,1
DA:39,5
DA:40,5
DA:41,4
DA:42,1
DA:46,1
DA:47,1
DA:48,1
DA:51,0
DA:55,1
DA:56,0
DA:58,1
DA:59,0
DA:61,1
DA:62,3
DA:64,1
DA:66,1
DA:67,0
DA:69,1
DA:70,2
DA:72,3
DA:74,1
DA:78,1
DA:79,0
DA:80,1
DA:81,1
DA:84,1
DA:85,2
DA:88,1
DA:89,1
DA:90,3
DA:91,7
DA:93,1
DA:96,1
DA:97,1
DA:98,4
DA:100,3
DA:101,1
DA:102,2
DA:105,1
DA:108,1
DA:109,1
DA:115,2
DA:117,3
DA:119,3
DA:122,0
DA:123,0
DA:126,1
DA:127,2
DA:128,1
DA:131,1
DA:132,2
DA:133,3
DA:134,2
DA:137,1
DA:138,1
DA:139,1
DA:140,1
DA:142,1
DA:143,1
DA:145,1
DA:146,1
DA:148,0
DA:149,0
DA:152,0
DA:156,0
DA:157,0
DA:160,1
DA:161,1
DA:163,3
DA:164,2
DA:166,0
DA:169,3
DA:170,2
DA:171,0
DA:174,2
DA:177,1
DA:178,2
DA:180,2
DA:181,3
DA:183,2
DA:187,1
DA:188,2
DA:189,2
DA:190,3
DA:191,2
DA:193,0
DA:197,0
DA:198,0
DA:201,0
DA:202,0
DA:205,0
DA:206,0
DA:207,0
DA:208,0
DA:209,0
DA:210,1
DA:211,0
DA:212,0
DA:213,0
DA:214,0
DA:218,0
DA:219,1
DA:220,0
DA:221,0
DA:222,0
DA:224,0
DA:225,0
DA:231,1
DA:232,1
DA:233,1
DA:234,1
DA:235,3
LF:119
LH:85
end_of_record
